  test2.c
test2.obj : error LNK2005: main 已经在 test.obj 中定义
D:\c语言2024\code\test8.5\x64\Debug\test8.5.exe : fatal error LNK1169: 找到一个或多个多重定义的符号
